
> @uapp/web@1.0.0 build
> next build

▲ Next.js 16.2.10 (Turbopack)
- Environments: .env

  Creating an optimized production build ...
✓ Compiled successfully in 7.5s
  Running TypeScript ...
  Finished TypeScript in 8.1s ...
  Collecting page data using 11 workers ...
  Generating static pages using 11 workers (0/49) ...
(node:7768) Warning: SECURITY WARNING: The SSL modes 'prefer', 'require', and 'verify-ca' are treated as aliases for 'verify-full'.
In the next major version (pg-connection-string v3.0.0 and pg v9.0.0), these modes will adopt standard libpq semantics, which have weaker security guarantees.

To prepare for this change:
- If you want the current behavior, explicitly use 'sslmode=verify-full'
- If you want libpq compatibility now, use 'uselibpqcompat=true&sslmode=require'

See https://www.postgresql.org/docs/current/libpq-ssl.html for libpq SSL mode definitions.
(Use `node --trace-warnings ...` to show where the warning was created)
  Generating static pages using 11 workers (12/49) 
(node:19772) Warning: SECURITY WARNING: The SSL modes 'prefer', 'require', and 'verify-ca' are treated as aliases for 'verify-full'.
In the next major version (pg-connection-string v3.0.0 and pg v9.0.0), these modes will adopt standard libpq semantics, which have weaker security guarantees.

To prepare for this change:
- If you want the current behavior, explicitly use 'sslmode=verify-full'
- If you want libpq compatibility now, use 'uselibpqcompat=true&sslmode=require'

See https://www.postgresql.org/docs/current/libpq-ssl.html for libpq SSL mode definitions.
(Use `node --trace-warnings ...` to show where the warning was created)
  Generating static pages using 11 workers (24/49) 
  Generating static pages using 11 workers (36/49) 
✓ Generating static pages using 11 workers (49/49) in 2.7s
  Finalizing page optimization ...

Route (app)
┌ ○ /
├ ○ /_not-found
├ ƒ /api/agenda
├ ƒ /api/bitacoras
├ ƒ /api/bitacoras/[id]
├ ƒ /api/bitacoras/[id]/adjuntos
├ ƒ /api/bitacoras/[id]/diagnosticos
├ ƒ /api/bitacoras/[id]/documentos
├ ƒ /api/bitacoras/[id]/ordenes
├ ƒ /api/bitacoras/[id]/procedimientos
├ ƒ /api/bitacoras/[id]/recetas
├ ƒ /api/bitacoras/adjuntos/[id]
├ ƒ /api/bitacoras/diagnosticos/[id]
├ ƒ /api/bitacoras/ordenes/[id]
├ ƒ /api/bitacoras/procedimientos/[id]
├ ƒ /api/bitacoras/recetas/[id]
├ ƒ /api/categorias-medicamentos
├ ƒ /api/dias-bloqueados
├ ƒ /api/empresas
├ ƒ /api/fichas
├ ƒ /api/fichas/[id]
├ ƒ /api/fichas/[id]/alergias
├ ƒ /api/fichas/[id]/ante-personales
├ ƒ /api/fichas/[id]/archivos
├ ƒ /api/fichas/[id]/familiares
├ ƒ /api/fichas/[id]/habitos
├ ƒ /api/fichas/[id]/medicacion-cronica
├ ƒ /api/fichas/[id]/problemas-activos
├ ƒ /api/fichas/[id]/quirurgicos
├ ƒ /api/fichas/alergias/[id]
├ ƒ /api/fichas/ante-personales/[id]
├ ƒ /api/fichas/archivos/[id]
├ ƒ /api/fichas/familiares/[id]
├ ƒ /api/fichas/medicacion-cronica/[id]
├ ƒ /api/fichas/problemas-activos/[id]
├ ƒ /api/fichas/quirurgicos/[id]
├ ƒ /api/horarios
├ ƒ /api/kardex
├ ƒ /api/medicamentos
├ ƒ /api/pacientes
├ ƒ /api/permisos
├ ƒ /api/previsiones
├ ƒ /api/tipos-horas
├ ƒ /api/usuarios
├ ○ /auth/v1/login
├ ○ /auth/v1/register
├ ○ /auth/v2/login
├ ○ /auth/v2/register
├ ƒ /dashboard
├ ƒ /dashboard/administracion/dias-bloqueados
├ ƒ /dashboard/administracion/horarios
├ ƒ /dashboard/administracion/previsiones
├ ƒ /dashboard/administracion/tipos-atencion
├ ƒ /dashboard/agenda
├ ƒ /dashboard/componentes
├ ƒ /dashboard/componentes/compuestos
├ ƒ /dashboard/componentes/datatable
├ ƒ /dashboard/componentes/datatable-tanstack
├ ƒ /dashboard/componentes/datos
├ ƒ /dashboard/componentes/fecha-hora
├ ƒ /dashboard/componentes/feedback
├ ƒ /dashboard/componentes/formularios
├ ƒ /dashboard/componentes/layout
├ ƒ /dashboard/componentes/multimedia
├ ƒ /dashboard/componentes/navegacion
├ ƒ /dashboard/componentes/superposicion
├ ƒ /dashboard/componentes/utilidades
├ ƒ /dashboard/configuracion/empresas
├ ƒ /dashboard/configuracion/perfiles
├ ƒ /dashboard/configuracion/usuarios
├ ƒ /dashboard/fichas
├ ƒ /dashboard/fichas/[rut]
├ ƒ /dashboard/pacientes
├ ƒ /dashboard/profesional/kardex
├ ƒ /dashboard/profesional/medicamentos
└ ○ /unauthorized


○  (Static)   prerendered as static content
ƒ  (Dynamic)  server-rendered on demand

